Constructing atomic invpd
Constructing atomic invpd
Constructing atomic matmul
Constructing atomic invpd
Constructing atomic matmul
Optimizing tape... Done
iter: 1  value: 738.4327 mgc: 41.17257 ustep: 1 
iter: 2  value: 652.8305 mgc: 2.535938 ustep: 1 
iter: 3  value: 631.308 mgc: 0.7949203 ustep: 1 
iter: 4  value: 627.9298 mgc: 0.2349793 ustep: 1 
iter: 5  value: 627.7775 mgc: 0.05325507 ustep: 1 
iter: 6  value: 627.7769 mgc: 0.002818984 ustep: 1 
iter: 7  value: 627.7769 mgc: 1.677611e-05 ustep: 1 
iter: 8  mgc: 1.461129e-09 
iter: 1  mgc: 1.461129e-09 
Matching hessian patterns... Done
outer mgc:  71.92859 
  0:     688.23404: -5.00000 -5.00000 -5.00000 -5.00000 -5.00000 -0.700000 -0.350000 -0.350000 -0.350000 -0.350000 -0.350000 -0.350000 -0.350000 -0.350000 -0.350000 -0.350000 -0.350000 0.0500000 0.0500000 0.0500000 0.0500000 0.500000
iter: 1  value: 208.2084 mgc: 5.726562 ustep: 1 
iter: 2  value: 206.0656 mgc: 1.09842 ustep: 1 
iter: 3  value: 206.0386 mgc: 0.1482931 ustep: 1 
iter: 4  value: 206.0386 mgc: 0.002159631 ustep: 1 
iter: 5  value: 206.0386 mgc: 5.987431e-07 ustep: 1 
iter: 6  mgc: 5.639933e-14 
iter: 1  value: -941.4144 mgc: 292.6632 ustep: 1 
iter: 2  value: -965.2726 mgc: 7.706896 ustep: 1 
iter: 3  value: -966.659 mgc: 1.966105 ustep: 1 
iter: 4  value: -966.6708 mgc: 0.2170464 ustep: 1 
iter: 5  value: -966.6708 mgc: 0.003480196 ustep: 1 
iter: 6  value: -966.6708 mgc: 7.913967e-07 ustep: 1 
iter: 7  mgc: 4.237641e-12 
iter: 1  mgc: 4.237641e-12 
outer mgc:  140.2489 
  1:     488.95671: -5.91692 -5.48234 -5.09941 -5.11446 -6.03489 -2.94163 -0.345201 -1.99500 -0.465744 -0.442453 -1.35033 -0.583381 0.972823 0.0799705 -0.385684 -0.589280 -0.118555 -0.802592 -0.515820 -0.468110 -0.449085  1.68878
iter: 1  value: -931.3404 mgc: 230.4318 ustep: 1 
iter: 2  value: -934.8788 mgc: 3.100739 ustep: 1 
iter: 3  value: -934.9227 mgc: 0.05854952 ustep: 1 
iter: 4  value: -934.9229 mgc: 0.01417323 ustep: 1 
iter: 5  value: -934.9229 mgc: 5.465245e-06 ustep: 1 
iter: 6  mgc: 2.016404e-10 
iter: 1  value: -696.8238 mgc: 10.31456 ustep: 1 
iter: 2  value: -696.9208 mgc: 0.6077169 ustep: 1 
iter: 3  value: -696.9209 mgc: 0.0102414 ustep: 1 
iter: 4  value: -696.9209 mgc: 3.584634e-06 ustep: 1 
iter: 5  mgc: 1.928679e-12 
iter: 1  mgc: 1.928679e-12 
outer mgc:  117.7766 
  2:     436.52719: -5.87980 -5.63373 -5.32712 -5.53225 -5.84131 -2.63025 -0.390300 -1.41144 -0.488096 -0.626447 -0.321736 -0.693799 0.774566 0.456093 0.104896 -0.0950594 -0.231034 -0.762936 -0.650576 -0.578692 -0.375634  1.69118
iter: 1  value: -837.0648 mgc: 65.71438 ustep: 1 
iter: 2  value: -838.2096 mgc: 2.853878 ustep: 1 
iter: 3  value: -838.2222 mgc: 0.5472071 ustep: 1 
iter: 4  value: -838.2222 mgc: 0.003505867 ustep: 1 
iter: 5  value: -838.2222 mgc: 8.838437e-07 ustep: 1 
iter: 6  mgc: 1.485922e-12 
iter: 1  mgc: 1.485922e-12 
outer mgc:  48.69247 
  3:     381.22484: -5.91548 -5.84704 -5.63672 -5.87604 -5.86272 -2.38065 -0.521459 -1.42898 -0.652113 -0.711496 -1.39512 -0.449276 0.620798 0.800634 0.601387 -0.144456 -0.372794 -1.16244 -1.17092 -0.885195 -0.523031  1.74938
iter: 1  value: -713.3921 mgc: 33.81696 ustep: 1 
iter: 2  value: -714.1233 mgc: 2.505682 ustep: 1 
iter: 3  value: -714.1249 mgc: 0.1231779 ustep: 1 
iter: 4  value: -714.1249 mgc: 0.0001487921 ustep: 1 
iter: 5  mgc: 2.998796e-09 
iter: 1  mgc: 2.998796e-09 
outer mgc:  36.59465 
  4:     332.40193: -6.20992 -5.90551 -5.69454 -6.23793 -6.29366 -1.66575 -0.432869 -1.57419 -0.711666 -0.907644 -1.02616 -0.940417  1.22100 0.587022 0.415108 -0.612143 -0.166284 -1.34944 -1.55805 -1.26862 -0.898087  1.81246
iter: 1  value: -464.9373 mgc: 33.14664 ustep: 1 
iter: 2  value: -473.0545 mgc: 12.91495 ustep: 1 
iter: 3  value: -473.548 mgc: 2.390651 ustep: 1 
iter: 4  value: -473.5579 mgc: 0.2697689 ustep: 1 
iter: 5  value: -473.5579 mgc: 0.007742918 ustep: 1 
iter: 6  value: -473.5579 mgc: 1.651723e-05 ustep: 1 
iter: 7  mgc: 3.027956e-11 
iter: 1  value: -733.9357 mgc: 7.37032 ustep: 1 
iter: 2  value: -733.9362 mgc: 0.04504877 ustep: 1 
iter: 3  value: -733.9362 mgc: 4.015146e-05 ustep: 1 
iter: 4  mgc: 1.193079e-10 
iter: 1  mgc: 1.193079e-10 
outer mgc:  14.97255 
  5:     320.31503: -6.19557 -5.96940 -5.67218 -6.32278 -6.27715 -1.63264 -0.431882 -1.59911 -0.706521 -0.893800 -1.11447 -0.863993  1.13739 0.717851 0.331931 -0.555044 -0.215207 -1.35060 -1.57292 -1.28331 -0.909366  1.82854
iter: 1  value: -742.9627 mgc: 9.586053 ustep: 1 
iter: 2  value: -742.9638 mgc: 0.09887499 ustep: 1 
iter: 3  value: -742.9638 mgc: 0.0003173126 ustep: 1 
iter: 4  mgc: 3.287005e-09 
iter: 1  mgc: 3.287005e-09 
outer mgc:  11.34202 
  6:     314.16289: -6.18535 -6.01547 -5.72185 -6.36651 -6.30084 -1.54868 -0.429522 -1.64831 -0.699963 -0.867419 -1.20431 -0.779127  1.01835 0.751327 0.338920 -0.543456 -0.300246 -1.33424 -1.59730 -1.36273 -0.953572  1.85774
iter: 1  value: -716.387 mgc: 2.15005 ustep: 1 
iter: 2  value: -716.3872 mgc: 0.03124862 ustep: 1 
iter: 3  value: -716.3872 mgc: 8.122654e-05 ustep: 1 
iter: 4  mgc: 1.009206e-09 
iter: 1  mgc: 1.009206e-09 
outer mgc:  9.643733 
  7:     309.79590: -6.19668 -6.04043 -5.80530 -6.40510 -6.33662 -1.42175 -0.426960 -1.64809 -0.693159 -0.842997 -1.18039 -0.771110 0.940596 0.688759 0.374634 -0.557479 -0.369818 -1.28694 -1.61077 -1.48293 -1.00738  1.89544
iter: 1  value: -736.9734 mgc: 3.65241 ustep: 1 
iter: 2  value: -736.974 mgc: 0.06080153 ustep: 1 
iter: 3  value: -736.974 mgc: 4.291857e-05 ustep: 1 
iter: 4  mgc: 6.025921e-10 
iter: 1  mgc: 6.025921e-10 
outer mgc:  22.41343 
  8:     308.64808: -6.21276 -6.11109 -5.82290 -6.48464 -6.36192 -1.36055 -0.428904 -1.71183 -0.686115 -0.836691 -1.23311 -0.759836 0.874846 0.740621 0.267424 -0.533355 -0.406086 -1.25852 -1.62611 -1.60283 -1.04708  1.96329
iter: 1  value: -751.4236 mgc: 3.33172 ustep: 1 
iter: 2  value: -751.4236 mgc: 0.01490373 ustep: 1 
iter: 3  value: -751.4236 mgc: 1.113549e-05 ustep: 1 
iter: 4  mgc: 1.983191e-11 
iter: 1  mgc: 1.983191e-11 
outer mgc:  9.757383 
  9:     304.43974: -6.26969 -6.15193 -5.94541 -6.45668 -6.41524 -1.31764 -0.434362 -1.72175 -0.681192 -0.842316 -1.22086 -0.776828 0.910303 0.671865 0.337214 -0.570738 -0.399741 -1.21666 -1.63113 -1.72846 -1.08515  2.05289
iter: 1  value: -735.3299 mgc: 4.155176 ustep: 1 
iter: 2  value: -735.3301 mgc: 0.02953615 ustep: 1 
iter: 3  value: -735.3301 mgc: 2.852048e-05 ustep: 1 
iter: 4  mgc: 1.241776e-10 
iter: 1  mgc: 1.241776e-10 
outer mgc:  9.468097 
 10:     301.82132: -6.32196 -6.23789 -6.01292 -6.50952 -6.41013 -1.25113 -0.439517 -1.63303 -0.676903 -0.835893 -1.25339 -0.757589 0.915581 0.686528 0.265866 -0.540474 -0.382904 -1.15451 -1.60919 -1.86332 -1.10226  2.12128
iter: 1  value: -769.6529 mgc: 2.265087 ustep: 1 
iter: 2  value: -769.6529 mgc: 0.02375607 ustep: 1 
iter: 3  value: -769.6529 mgc: 2.477155e-05 ustep: 1 
iter: 4  mgc: 2.208008e-10 
iter: 1  mgc: 2.208008e-10 
outer mgc:  8.006558 
 11:     299.42582: -6.36978 -6.33190 -6.13918 -6.48174 -6.42378 -1.22428 -0.439409 -1.68887 -0.677876 -0.865376 -1.28096 -0.802420 0.891890 0.702697 0.287388 -0.546675 -0.370008 -1.11489 -1.59552 -1.99397 -1.12355  2.21649
iter: 1  value: -783.805 mgc: 4.172478 ustep: 1 
iter: 2  value: -783.8056 mgc: 0.05271055 ustep: 1 
iter: 3  value: -783.8056 mgc: 0.0002054707 ustep: 1 
iter: 4  value: -783.8056 mgc: 1.175595e-08 ustep: 1 
mgc: 3.663736e-13 
iter: 1  mgc: 3.663736e-13 
outer mgc:  16.12585 
 12:     298.92240: -6.44186 -6.39734 -6.21935 -6.56369 -6.41539 -1.18880 -0.435427 -1.70994 -0.685719 -0.892382 -1.30424 -0.799679 0.948574 0.634527 0.242919 -0.451828 -0.389882 -1.07575 -1.57630 -2.10715 -1.14338  2.28899
iter: 1  value: -764.6727 mgc: 4.004752 ustep: 1 
iter: 2  value: -764.6728 mgc: 0.02670893 ustep: 1 
iter: 3  value: -764.6728 mgc: 5.910034e-05 ustep: 1 
iter: 4  mgc: 1.304129e-09 
iter: 1  mgc: 1.304129e-09 
outer mgc:  12.68956 
 13:     296.09075: -6.49555 -6.53208 -6.29856 -6.50969 -6.46575 -1.12889 -0.435152 -1.64562 -0.694932 -0.916576 -1.31285 -0.775964 0.946095 0.710152 0.195265 -0.481830 -0.369627 -1.01992 -1.53578 -2.18602 -1.18579  2.32718
iter: 1  value: -781.7511 mgc: 4.384811 ustep: 1 
iter: 2  value: -781.7518 mgc: 0.04784219 ustep: 1 
iter: 3  value: -781.7518 mgc: 0.0002048611 ustep: 1 
iter: 4  value: -781.7518 mgc: 1.593994e-08 ustep: 1 
mgc: 5.259543e-13 
iter: 1  value: -772.2955 mgc: 1.706931 ustep: 1 
iter: 2  value: -772.2955 mgc: 0.001608001 ustep: 1 
iter: 3  value: -772.2955 mgc: 1.057946e-06 ustep: 1 
iter: 4  mgc: 3.63487e-13 
iter: 1  mgc: 3.63487e-13 
outer mgc:  9.616863 
 14:     295.59234: -6.50776 -6.52853 -6.34034 -6.51050 -6.45458 -1.12777 -0.435998 -1.65886 -0.695557 -0.917448 -1.32551 -0.785438 0.956535 0.660541 0.236234 -0.495425 -0.364881 -1.01332 -1.53359 -2.19973 -1.18909  2.33781
iter: 1  value: -778.6144 mgc: 1.621132 ustep: 1 
iter: 2  value: -778.6144 mgc: 0.009129363 ustep: 1 
iter: 3  value: -778.6144 mgc: 7.580311e-06 ustep: 1 
iter: 4  mgc: 1.514189e-11 
iter: 1  mgc: 1.514189e-11 
outer mgc:  5.842106 
 15:     294.85369: -6.52102 -6.57608 -6.35148 -6.54846 -6.43970 -1.12681 -0.438111 -1.66255 -0.695494 -0.922480 -1.33586 -0.797322 0.939779 0.682243 0.210019 -0.487215 -0.354750 -0.996166 -1.52365 -2.22015 -1.19677  2.35460
iter: 1  value: -782.0168 mgc: 1.012644 ustep: 1 
iter: 2  value: -782.0168 mgc: 0.001937577 ustep: 1 
iter: 3  value: -782.0168 mgc: 1.606091e-07 ustep: 1 
iter: 4  mgc: 4.558576e-13 
iter: 1  mgc: 4.558576e-13 
outer mgc:  5.775014 
 16:     294.26076: -6.54806 -6.61561 -6.39509 -6.54183 -6.45186 -1.11958 -0.439691 -1.66032 -0.697372 -0.928800 -1.34996 -0.803707 0.948455 0.657527 0.217036 -0.489275 -0.348498 -0.974239 -1.51047 -2.24542 -1.21174  2.37044
iter: 1  value: -784.6977 mgc: 1.326045 ustep: 1 
iter: 2  value: -784.6977 mgc: 0.00586052 ustep: 1 
iter: 3  value: -784.6977 mgc: 1.202103e-06 ustep: 1 
iter: 4  mgc: 6.922518e-13 
iter: 1  value: -787.9556 mgc: 1.086841 ustep: 1 
iter: 2  value: -787.9556 mgc: 0.004477191 ustep: 1 
iter: 3  value: -787.9556 mgc: 6.975829e-08 ustep: 1 
iter: 4  mgc: 6.027262e-13 
iter: 1  mgc: 6.027262e-13 
outer mgc:  7.694686 
 17:     292.35789: -6.66968 -6.83887 -6.50273 -6.55814 -6.51293 -1.08494 -0.440683 -1.65242 -0.713205 -0.975233 -1.40067 -0.801957 0.983068 0.623917 0.152399 -0.424530 -0.346598 -0.883956 -1.44849 -2.32869 -1.27360  2.42074
iter: 1  value: -793.7016 mgc: 1.099415 ustep: 1 
iter: 2  value: -793.7016 mgc: 0.006519734 ustep: 1 
iter: 3  value: -793.7016 mgc: 2.228761e-06 ustep: 1 
iter: 4  mgc: 7.637224e-13 
iter: 1  mgc: 7.637224e-13 
outer mgc:  4.706682 
 18:     289.93345: -6.77698 -7.07255 -6.64383 -6.61046 -6.47597 -1.05507 -0.440483 -1.65343 -0.726520 -1.02065 -1.43497 -0.824248 0.967210 0.584246 0.154978 -0.458041 -0.304439 -0.785155 -1.37813 -2.39402 -1.31941  2.46200
iter: 1  value: -800.2172 mgc: 3.690545 ustep: 1 
iter: 2  value: -800.2176 mgc: 0.06821908 ustep: 1 
iter: 3  value: -800.2176 mgc: 0.0002339134 ustep: 1 
iter: 4  value: -800.2176 mgc: 2.021194e-08 ustep: 1 
mgc: 4.288792e-13 
iter: 1  mgc: 4.288792e-13 
outer mgc:  16.61176 
 19:     288.91493: -6.92085 -7.29111 -6.68643 -6.70142 -6.51792 -1.03041 -0.447852 -1.67335 -0.732076 -1.04478 -1.44901 -0.892136 0.993386 0.464232 0.134263 -0.407838 -0.296479 -0.676580 -1.32851 -2.41651 -1.35623  2.49997
iter: 1  value: -813.7819 mgc: 2.18894 ustep: 1 
iter: 2  value: -813.782 mgc: 0.01719358 ustep: 1 
iter: 3  value: -813.782 mgc: 1.907483e-05 ustep: 1 
iter: 4  mgc: 1.450107e-10 
iter: 1  mgc: 1.450107e-10 
outer mgc:  7.914449 
 20:     286.38353: -7.04533 -7.56768 -6.76708 -6.67511 -6.55536 -1.04467 -0.456994 -1.66847 -0.739358 -1.07314 -1.49069 -0.901742 0.959731 0.406388 0.158320 -0.392015 -0.296139 -0.583964 -1.27399 -2.38348 -1.37294  2.52516
iter: 1  value: -788.2253 mgc: 4.26593 ustep: 1 
iter: 2  value: -788.2282 mgc: 0.188322 ustep: 1 
iter: 3  value: -788.2282 mgc: 0.00106667 ustep: 1 
iter: 4  value: -788.2282 mgc: 4.615189e-07 ustep: 1 
iter: 5  mgc: 5.709253e-13 
iter: 1  value: -803.9267 mgc: 2.464443 ustep: 1 
iter: 2  value: -803.9269 mgc: 0.04845189 ustep: 1 
iter: 3  value: -803.9269 mgc: 0.0001226758 ustep: 1 
iter: 4  mgc: 6.21256e-09 
iter: 1  value: -810.5761 mgc: 0.8613811 ustep: 1 
iter: 2  value: -810.5761 mgc: 0.004353285 ustep: 1 
iter: 3  value: -810.5761 mgc: 1.01276e-06 ustep: 1 
iter: 4  mgc: 7.08579e-13 
iter: 1  mgc: 7.08579e-13 
outer mgc:  5.311882 
 21:     286.09866: -7.06124 -7.56521 -6.78308 -6.67528 -6.55327 -1.03710 -0.455756 -1.66287 -0.741274 -1.07467 -1.49132 -0.893148 0.974115 0.375272 0.166637 -0.406790 -0.290368 -0.577412 -1.26879 -2.38759 -1.37569  2.52526
iter: 1  value: -808.8147 mgc: 1.006195 ustep: 1 
iter: 2  value: -808.8147 mgc: 0.005985103 ustep: 1 
iter: 3  value: -808.8147 mgc: 3.74713e-06 ustep: 1 
iter: 4  mgc: 4.54714e-12 
iter: 1  mgc: 4.54714e-12 
outer mgc:  5.325219 
 22:     285.93226: -7.07436 -7.59494 -6.77466 -6.69147 -6.54983 -1.03080 -0.454644 -1.66019 -0.742760 -1.07938 -1.49391 -0.884994 0.969032 0.378702 0.143453 -0.409412 -0.286366 -0.569461 -1.26263 -2.39243 -1.37808  2.52762
iter: 1  value: -807.9103 mgc: 1.074139 ustep: 1 
iter: 2  value: -807.9103 mgc: 0.008777911 ustep: 1 
iter: 3  value: -807.9103 mgc: 3.880937e-06 ustep: 1 
iter: 4  mgc: 7.08722e-12 
iter: 1  mgc: 7.08722e-12 
outer mgc:  4.600132 
 23:     285.41757: -7.11958 -7.64516 -6.80744 -6.68475 -6.55280 -1.02343 -0.452769 -1.66236 -0.748721 -1.09479 -1.49926 -0.869792 0.973596 0.337402 0.150542 -0.426613 -0.280389 -0.548905 -1.24653 -2.38846 -1.38240  2.52994
iter: 1  value: -809.3073 mgc: 1.06414 ustep: 1 
iter: 2  value: -809.3073 mgc: 0.004531027 ustep: 1 
iter: 3  value: -809.3073 mgc: 1.852338e-06 ustep: 1 
iter: 4  mgc: 1.199818e-12 
iter: 1  mgc: 1.199818e-12 
outer mgc:  4.313013 
 24:     284.94943: -7.16509 -7.70983 -6.82004 -6.70554 -6.55363 -1.02190 -0.452192 -1.66304 -0.752700 -1.10941 -1.50661 -0.870775 0.964101 0.313660 0.129059 -0.414819 -0.282243 -0.527230 -1.23223 -2.38248 -1.38311  2.53441
iter: 1  value: -810.1033 mgc: 0.7850152 ustep: 1 
iter: 2  value: -810.1033 mgc: 0.003096788 ustep: 1 
iter: 3  value: -810.1033 mgc: 9.981074e-07 ustep: 1 
iter: 4  mgc: 6.326606e-13 
iter: 1  value: -811.0236 mgc: 2.906181 ustep: 1 
iter: 2  value: -811.0237 mgc: 0.01423349 ustep: 1 
iter: 3  value: -811.0237 mgc: 9.717097e-06 ustep: 1 
iter: 4  mgc: 4.752543e-11 
iter: 1  value: -799.1508 mgc: 24.19402 ustep: 1 
iter: 2  value: -799.5885 mgc: 1.709575 ustep: 1 
iter: 3  value: -799.5927 mgc: 0.1061937 ustep: 1 
iter: 4  value: -799.5927 mgc: 0.003380071 ustep: 1 
iter: 5  value: -799.5927 mgc: 1.401708e-06 ustep: 1 
iter: 6  mgc: 4.154593e-13 
iter: 1  mgc: 4.752543e-11 
outer mgc:  4.408709 
 25:     281.59120: -7.58127 -8.15075 -7.04504 -6.76823 -6.61498 -1.01389 -0.458788 -1.64953 -0.771780 -1.20167 -1.56607 -0.940756 0.876671 0.0507447 0.0586278 -0.390888 -0.304456 -0.350288 -1.13869 -2.25963 -1.38147  2.52993
iter: 1  value: -832.7624 mgc: 3.81821 ustep: 1 
iter: 2  value: -832.7636 mgc: 0.09601915 ustep: 1 
iter: 3  value: -832.7636 mgc: 0.001401059 ustep: 1 
iter: 4  value: -832.7636 mgc: 3.004017e-07 ustep: 1 
iter: 5  mgc: 4.954093e-13 
iter: 1  mgc: 4.954093e-13 
outer mgc:  7.693585 
 26:     278.85686: -8.07928 -8.48688 -7.24325 -6.91296 -6.76463 -0.996473 -0.465834 -1.73902 -0.766420 -1.28068 -1.58522 -0.880957 0.808267 -0.154239 0.0136712 -0.479215 -0.256204 -0.168084 -1.05270 -2.12528 -1.38648  2.57213
iter: 1  value: -817.7606 mgc: 4.115848 ustep: 1 
iter: 2  value: -817.7611 mgc: 0.07438935 ustep: 1 
iter: 3  value: -817.7611 mgc: 0.0002193814 ustep: 1 
iter: 4  value: -817.7611 mgc: 1.763913e-08 ustep: 1 
mgc: 3.917748e-13 
iter: 1  mgc: 3.917748e-13 
outer mgc:  10.72256 
 27:     275.83247: -8.65759 -8.58158 -7.49551 -7.07950 -6.84474 -0.966730 -0.471365 -1.64288 -0.792481 -1.29702 -1.65500 -0.911678 0.676614 -0.283181 -0.0806296 -0.500202 -0.285492 0.00981388 -0.949152 -1.94116 -1.33617  2.59258
iter: 1  value: -824.4588 mgc: 2.261952 ustep: 1 
iter: 2  value: -824.4589 mgc: 0.01439972 ustep: 1 
iter: 3  value: -824.4589 mgc: 6.220426e-06 ustep: 1 
iter: 4  mgc: 2.381634e-11 
iter: 1  mgc: 2.381634e-11 
outer mgc:  7.477547 
 28:     272.29308: -9.22386 -8.83516 -7.67273 -7.11737 -6.93495 -0.917838 -0.454115 -1.67932 -0.821453 -1.32139 -1.68421 -0.966934 0.486254 -0.390016 -0.210458 -0.542579 -0.367088 0.123520 -0.904714 -1.73065 -1.21993  2.61510
iter: 1  value: -873.337 mgc: 10.42683 ustep: 1 
iter: 2  value: -873.3396 mgc: 0.1130799 ustep: 1 
iter: 3  value: -873.3396 mgc: 0.00165599 ustep: 1 
iter: 4  value: -873.3396 mgc: 4.999556e-07 ustep: 1 
iter: 5  mgc: 7.337672e-13 
iter: 1  mgc: 7.337672e-13 
outer mgc:  10.21761 
 29:     271.10343: -9.68947 -9.02836 -7.83390 -7.30957 -7.10980 -1.08191 -0.500863 -1.63965 -0.810861 -1.40347 -1.66677 -0.969445 0.204507 -0.573830 -0.297311 -0.632717 -0.457072 0.170307 -0.863150 -1.55136 -1.07731  2.66718
iter: 1  value: -825.3047 mgc: 6.272786 ustep: 1 
iter: 2  value: -825.3052 mgc: 0.03170335 ustep: 1 
iter: 3  value: -825.3052 mgc: 0.0001175503 ustep: 1 
iter: 4  mgc: 3.179728e-09 
iter: 1  value: -833.0015 mgc: 5.976576 ustep: 1 
iter: 2  value: -833.0031 mgc: 0.096958 ustep: 1 
iter: 3  value: -833.0031 mgc: 0.001052224 ustep: 1 
iter: 4  value: -833.0031 mgc: 2.323426e-07 ustep: 1 
iter: 5  mgc: 5.808271e-13 
iter: 1  mgc: 5.808271e-13 
outer mgc:  13.42459 
 30:     269.93499: -9.77991 -9.04816 -8.03243 -7.32678 -7.09685 -0.935323 -0.481296 -1.69156 -0.784819 -1.39853 -1.66818 -0.942350 0.115414 -0.635054 -0.364302 -0.633677 -0.440683 0.163390 -0.862675 -1.42197 -0.965368  2.62576
iter: 1  value: -792.4598 mgc: 5.341842 ustep: 1 
iter: 2  value: -792.4688 mgc: 0.2331431 ustep: 1 
iter: 3  value: -792.4689 mgc: 0.002349134 ustep: 1 
iter: 4  value: -792.4689 mgc: 2.184044e-06 ustep: 1 
iter: 5  mgc: 5.901946e-13 
iter: 1  value: -830.5318 mgc: 3.012862 ustep: 1 
iter: 2  value: -830.5343 mgc: 0.1186997 ustep: 1 
iter: 3  value: -830.5343 mgc: 0.001030125 ustep: 1 
iter: 4  value: -830.5343 mgc: 3.374611e-07 ustep: 1 
iter: 5  mgc: 6.409456e-13 
iter: 1  mgc: 6.409456e-13 
outer mgc:  11.44447 
 31:     269.41331: -9.76258 -9.13926 -7.93568 -7.39884 -7.08159 -0.927063 -0.473795 -1.68537 -0.786581 -1.38925 -1.67978 -0.939748 0.117374 -0.649247 -0.347626 -0.656298 -0.461014 0.157040 -0.869005 -1.38307 -0.954315  2.62082
iter: 1  value: -823.0826 mgc: 1.473 ustep: 1 
iter: 2  value: -823.0826 mgc: 0.01167761 ustep: 1 
iter: 3  value: -823.0826 mgc: 6.661395e-06 ustep: 1 
iter: 4  mgc: 1.150541e-11 
iter: 1  mgc: 1.150541e-11 
outer mgc:  2.417057 
 32:     268.41569: -9.77510 -9.13076 -8.00557 -7.37343 -7.12824 -0.901094 -0.461439 -1.68401 -0.796902 -1.36403 -1.68734 -0.948316 0.101273 -0.685346 -0.375652 -0.692469 -0.488838 0.155854 -0.880746 -1.28336 -0.902754  2.60983
iter: 1  value: -847.8192 mgc: 2.537399 ustep: 1 
iter: 2  value: -847.8193 mgc: 0.01620852 ustep: 1 
iter: 3  value: -847.8193 mgc: 1.272967e-05 ustep: 1 
iter: 4  mgc: 5.774703e-11 
iter: 1  mgc: 5.774703e-11 
outer mgc:  9.351281 
 33:     268.33408: -9.80531 -9.09740 -7.98738 -7.41550 -7.10291 -0.956696 -0.474293 -1.73183 -0.803819 -1.35321 -1.68314 -0.937400 0.0626052 -0.711060 -0.428215 -0.705743 -0.532035 0.147571 -0.897334 -1.20197 -0.853948  2.61113
iter: 1  value: -831.8206 mgc: 1.332632 ustep: 1 
iter: 2  value: -831.8206 mgc: 0.002328783 ustep: 1 
iter: 3  value: -831.8206 mgc: 9.546256e-07 ustep: 1 
iter: 4  mgc: 8.099493e-13 
iter: 1  mgc: 8.099493e-13 
outer mgc:  2.771745 
 34:     267.57510: -9.81877 -9.13167 -8.00781 -7.37633 -7.12352 -0.953962 -0.487643 -1.69561 -0.798810 -1.34301 -1.65636 -0.912300 0.0156791 -0.766298 -0.479609 -0.724285 -0.540354 0.144035 -0.901919 -1.11641 -0.788089  2.59617
iter: 1  value: -823.1656 mgc: 2.860384 ustep: 1 
iter: 2  value: -823.1656 mgc: 0.006235712 ustep: 1 
iter: 3  value: -823.1656 mgc: 6.108486e-07 ustep: 1 
iter: 4  mgc: 5.262388e-13 
iter: 1  mgc: 5.262388e-13 
outer mgc:  6.052099 
 35:     267.22573: -9.79867 -9.12509 -7.97828 -7.39679 -7.10670 -0.905713 -0.456213 -1.71144 -0.792172 -1.33516 -1.67765 -0.942807 -0.0103162 -0.806532 -0.493672 -0.779336 -0.563920 0.124441 -0.918460 -1.01309 -0.741981  2.57845
iter: 1  value: -831.9036 mgc: 1.406719 ustep: 1 
iter: 2  value: -831.9036 mgc: 0.00498055 ustep: 1 
iter: 3  value: -831.9036 mgc: 5.508916e-07 ustep: 1 
iter: 4  mgc: 4.87721e-13 
iter: 1  mgc: 4.87721e-13 
outer mgc:  2.357881 
 36:     266.65155: -9.76314 -9.11508 -7.99244 -7.36490 -7.11414 -0.921904 -0.466572 -1.70691 -0.802484 -1.33922 -1.67597 -0.922134 -0.0480789 -0.854318 -0.540665 -0.786991 -0.582348 0.117756 -0.924117 -0.901152 -0.678760  2.59919
iter: 1  value: -827.9711 mgc: 1.468209 ustep: 1 
iter: 2  value: -827.9711 mgc: 0.00397037 ustep: 1 
iter: 3  value: -827.9711 mgc: 1.173799e-06 ustep: 1 
iter: 4  mgc: 4.993683e-13 
iter: 1  mgc: 4.993683e-13 
outer mgc:  5.866737 
 37:     266.34855: -9.75921 -9.09329 -7.95635 -7.38046 -7.08863 -0.943720 -0.481122 -1.69953 -0.800327 -1.32878 -1.64222 -0.912245 -0.0985358 -0.901076 -0.590701 -0.807164 -0.594313 0.114810 -0.930444 -0.793256 -0.628715  2.58621
iter: 1  value: -834.9154 mgc: 0.8811421 ustep: 1 
iter: 2  value: -834.9154 mgc: 0.002310342 ustep: 1 
iter: 3  value: -834.9154 mgc: 1.78311e-07 ustep: 1 
iter: 4  mgc: 4.375389e-13 
iter: 1  mgc: 4.375389e-13 
outer mgc:  2.27094 
 38:     265.88055: -9.72556 -9.07409 -7.94333 -7.34154 -7.09460 -0.952524 -0.469485 -1.71325 -0.775244 -1.32444 -1.64648 -0.916578 -0.147138 -0.952376 -0.634622 -0.826545 -0.616778 0.118375 -0.936029 -0.675228 -0.599804  2.58871
iter: 1  value: -816.4991 mgc: 3.004565 ustep: 1 
iter: 2  value: -816.4992 mgc: 0.01246702 ustep: 1 
iter: 3  value: -816.4992 mgc: 8.955303e-06 ustep: 1 
iter: 4  mgc: 1.031542e-11 
iter: 1  mgc: 1.031542e-11 
outer mgc:  3.980983 
 39:     265.78727: -9.68780 -9.08276 -7.92847 -7.33831 -7.04921 -0.909067 -0.468554 -1.68993 -0.835489 -1.30723 -1.67254 -0.923652 -0.130847 -0.964925 -0.639235 -0.850832 -0.622654 0.0892077 -0.940983 -0.565078 -0.565905  2.56006
iter: 1  value: -836.9024 mgc: 1.468558 ustep: 1 
iter: 2  value: -836.9024 mgc: 0.005681705 ustep: 1 
iter: 3  value: -836.9024 mgc: 7.342289e-06 ustep: 1 
iter: 4  mgc: 5.656253e-12 
iter: 1  mgc: 5.656253e-12 
outer mgc:  3.598534 
 40:     265.56167: -9.67988 -9.06260 -7.94424 -7.31903 -7.09820 -0.929448 -0.479507 -1.73207 -0.871691 -1.31761 -1.67583 -0.920076 -0.173927 -1.00273 -0.672550 -0.854923 -0.625536 0.0852850 -0.926508 -0.450993 -0.527023  2.58268
iter: 1  value: -838.305 mgc: 1.834764 ustep: 1 
iter: 2  value: -838.305 mgc: 0.002262233 ustep: 1 
iter: 3  value: -838.305 mgc: 1.854351e-07 ustep: 1 
iter: 4  mgc: 4.569643e-13 
iter: 1  mgc: 4.569643e-13 
outer mgc:  1.886417 
 41:     265.26454: -9.68380 -9.07210 -7.95571 -7.34678 -7.08428 -0.954518 -0.428787 -1.71775 -0.791420 -1.31896 -1.65892 -0.908688 -0.182603 -1.02274 -0.706683 -0.866254 -0.652750 0.0945284 -0.918716 -0.339655 -0.508462  2.59060
iter: 1  value: -805.2932 mgc: 2.035682 ustep: 1 
iter: 2  value: -805.2932 mgc: 0.00700152 ustep: 1 
iter: 3  value: -805.2932 mgc: 2.646096e-07 ustep: 1 
iter: 4  mgc: 4.991285e-13 
iter: 1  value: -826.4063 mgc: 0.76954 ustep: 1 
iter: 2  value: -826.4063 mgc: 0.0009156969 ustep: 1 
iter: 3  mgc: 4.425667e-09 
iter: 1  mgc: 4.425667e-09 
outer mgc:  1.691722 
 42:     265.14204: -9.68641 -9.06475 -7.93009 -7.33342 -7.09063 -0.935235 -0.456452 -1.71037 -0.806899 -1.30990 -1.64139 -0.920267 -0.193560 -1.02952 -0.716389 -0.874189 -0.648095 0.0935168 -0.920889 -0.327670 -0.503430  2.57719
iter: 1  value: -840.0613 mgc: 0.662977 ustep: 1 
iter: 2  value: -840.0613 mgc: 0.002963843 ustep: 1 
iter: 3  value: -840.0613 mgc: 6.495052e-07 ustep: 1 
iter: 4  mgc: 4.383438e-13 
iter: 1  mgc: 4.383438e-13 
outer mgc:  3.540626 
 43:     265.14071: -9.68180 -9.05276 -7.92170 -7.33331 -7.06507 -0.949351 -0.468303 -1.73991 -0.810151 -1.30349 -1.66296 -0.919773 -0.204938 -1.03991 -0.728467 -0.874904 -0.650574 0.0856484 -0.927823 -0.306658 -0.497885  2.57752
iter: 1  value: -830.7837 mgc: 0.3983713 ustep: 1 
iter: 2  value: -830.7837 mgc: 0.0003314135 ustep: 1 
iter: 3  mgc: 3.910051e-09 
iter: 1  mgc: 3.910051e-09 
outer mgc:  0.9882553 
 44:     265.05223: -9.67956 -9.05425 -7.92097 -7.32137 -7.07300 -0.943237 -0.467318 -1.72081 -0.810294 -1.30106 -1.64936 -0.917477 -0.206661 -1.04118 -0.730080 -0.875587 -0.650701 0.0875523 -0.926266 -0.300810 -0.496277  2.57165
iter: 1  value: -828.9487 mgc: 0.2205846 ustep: 1 
iter: 2  value: -828.9487 mgc: 0.0001278973 ustep: 1 
iter: 3  mgc: 3.251836e-09 
iter: 1  mgc: 3.251836e-09 
outer mgc:  1.184352 
 45:     265.02059: -9.67374 -9.05255 -7.90866 -7.32285 -7.06745 -0.944914 -0.464646 -1.72038 -0.811237 -1.29777 -1.64380 -0.918128 -0.213571 -1.04739 -0.736567 -0.879582 -0.652922 0.0845812 -0.928805 -0.280882 -0.491203  2.56566
iter: 1  value: -829.9382 mgc: 0.2254044 ustep: 1 
iter: 2  value: -829.9382 mgc: 0.000196188 ustep: 1 
iter: 3  mgc: 1.119966e-09 
iter: 1  mgc: 1.119966e-09 
outer mgc:  0.9351545 
 46:     264.98737: -9.67270 -9.04712 -7.91341 -7.31174 -7.06941 -0.946315 -0.465767 -1.72369 -0.810792 -1.29627 -1.64544 -0.916225 -0.220724 -1.05566 -0.744260 -0.881914 -0.654845 0.0818229 -0.930523 -0.258862 -0.488264  2.56407
iter: 1  value: -829.1344 mgc: 0.2347141 ustep: 1 
iter: 2  value: -829.1344 mgc: 0.0002091038 ustep: 1 
iter: 3  mgc: 9.842789e-10 
iter: 1  mgc: 9.842789e-10 
outer mgc:  0.7874777 
 47:     264.93723: -9.67569 -9.05444 -7.91253 -7.32009 -7.06557 -0.943760 -0.473775 -1.72259 -0.805857 -1.29558 -1.64571 -0.914044 -0.235403 -1.07333 -0.758266 -0.885271 -0.655714 0.0796359 -0.930313 -0.208611 -0.479577  2.56433
iter: 1  value: -830.0508 mgc: 0.465806 ustep: 1 
iter: 2  value: -830.0508 mgc: 0.0003114313 ustep: 1 
iter: 3  mgc: 4.160826e-09 
iter: 1  mgc: 4.160826e-09 
outer mgc:  0.7152642 
 48:     264.89183: -9.65972 -9.04303 -7.90519 -7.31343 -7.06646 -0.948998 -0.449359 -1.72778 -0.824183 -1.28886 -1.63712 -0.915068 -0.245937 -1.08449 -0.767050 -0.885805 -0.659815 0.0742599 -0.937056 -0.168781 -0.477978  2.56171
iter: 1  value: -827.2709 mgc: 0.4125971 ustep: 1 
iter: 2  value: -827.2709 mgc: 0.002028676 ustep: 1 
iter: 3  value: -827.2709 mgc: 1.797305e-07 ustep: 1 
iter: 4  mgc: 5.325775e-13 
iter: 1  mgc: 5.325775e-13 
outer mgc:  0.7653448 
 49:     264.85785: -9.64101 -9.03382 -7.89517 -7.30318 -7.05571 -0.951204 -0.475073 -1.72223 -0.807392 -1.28035 -1.63914 -0.910646 -0.246239 -1.09060 -0.773629 -0.890418 -0.666175 0.0710123 -0.941463 -0.130388 -0.473261  2.55215
iter: 1  value: -827.6686 mgc: 0.4201295 ustep: 1 
iter: 2  value: -827.6686 mgc: 0.001704957 ustep: 1 
iter: 3  value: -827.6686 mgc: 1.572184e-07 ustep: 1 
iter: 4  mgc: 4.976783e-13 
iter: 1  mgc: 4.976783e-13 
outer mgc:  0.6309353 
 50:     264.83676: -9.66087 -9.03667 -7.89993 -7.30900 -7.06564 -0.949274 -0.469821 -1.72734 -0.802428 -1.28819 -1.64544 -0.915195 -0.263246 -1.10516 -0.780691 -0.890089 -0.657105 0.0643635 -0.938410 -0.0884678 -0.454245  2.54735
iter: 1  value: -828.7171 mgc: 0.9561115 ustep: 1 
iter: 2  value: -828.7171 mgc: 0.0004527625 ustep: 1 
iter: 3  value: -828.7171 mgc: 2.350819e-08 ustep: 1 
mgc: 4.196365e-13 
iter: 1  mgc: 4.196365e-13 
outer mgc:  0.956918 
 51:     264.82254: -9.66144 -9.04772 -7.90532 -7.31626 -7.05928 -0.954156 -0.464214 -1.73118 -0.817084 -1.28917 -1.62998 -0.917523 -0.269936 -1.11776 -0.801364 -0.905920 -0.675156 0.0592576 -0.941193 -0.0488990 -0.456241  2.54962
iter: 1  value: -831.3774 mgc: 0.6761202 ustep: 1 
iter: 2  value: -831.3774 mgc: 0.0007554604 ustep: 1 
iter: 3  value: -831.3774 mgc: 3.794054e-08 ustep: 1 
iter: 4  mgc: 4.49224e-13 
iter: 1  mgc: 4.49224e-13 
outer mgc:  0.8908855 
 52:     264.80905: -9.63819 -9.03588 -7.88666 -7.29485 -7.05019 -0.956920 -0.455863 -1.73622 -0.825708 -1.26119 -1.62644 -0.904815 -0.271066 -1.12705 -0.800714 -0.894588 -0.666730 0.0614907 -0.943744 -0.0264531 -0.454327  2.55859
iter: 1  value: -827.5789 mgc: 0.6053455 ustep: 1 
iter: 2  value: -827.5789 mgc: 0.0005078774 ustep: 1 
iter: 3  mgc: 8.57528e-09 
iter: 1  value: -827.5855 mgc: 0.4910207 ustep: 1 
iter: 2  value: -827.5855 mgc: 0.0003318367 ustep: 1 
iter: 3  mgc: 7.727543e-09 
iter: 1  value: -829.5482 mgc: 0.2387293 ustep: 1 
iter: 2  value: -829.5482 mgc: 7.768694e-05 ustep: 1 
iter: 3  mgc: 4.426247e-10 
iter: 1  mgc: 4.426247e-10 
outer mgc:  0.40476 
 53:     264.79985: -9.63954 -9.02736 -7.88987 -7.29860 -7.05131 -0.954781 -0.458562 -1.73172 -0.822214 -1.26343 -1.62762 -0.907074 -0.272012 -1.12654 -0.800595 -0.896224 -0.667572 0.0605286 -0.944111 -0.0235002 -0.454327  2.55611
iter: 1  value: -830.3648 mgc: 0.2089912 ustep: 1 
iter: 2  value: -830.3648 mgc: 0.0001882639 ustep: 1 
iter: 3  mgc: 2.249838e-09 
iter: 1  mgc: 2.249838e-09 
outer mgc:  0.6673136 
 54:     264.79670: -9.63723 -9.03378 -7.88621 -7.29961 -7.05456 -0.955510 -0.461312 -1.73244 -0.817940 -1.26802 -1.63184 -0.909879 -0.273356 -1.12632 -0.800991 -0.897106 -0.668641 0.0581228 -0.945194 -0.0192443 -0.453774  2.55465
iter: 1  value: -828.7043 mgc: 0.1792828 ustep: 1 
iter: 2  value: -828.7043 mgc: 3.295448e-05 ustep: 1 
iter: 3  mgc: 4.367884e-11 
iter: 1  mgc: 4.367884e-11 
outer mgc:  0.2698274 
 55:     264.79166: -9.63508 -9.02878 -7.89069 -7.30019 -7.05625 -0.954746 -0.462394 -1.73049 -0.818150 -1.27299 -1.63113 -0.908843 -0.274778 -1.12762 -0.802975 -0.896567 -0.668491 0.0563290 -0.945631 -0.0113176 -0.453161  2.55053
iter: 1  value: -828.0399 mgc: 0.1024546 ustep: 1 
iter: 2  value: -828.0399 mgc: 2.500564e-05 ustep: 1 
iter: 3  mgc: 2.122339e-10 
iter: 1  mgc: 2.122339e-10 
outer mgc:  0.4648718 
 56:     264.79010: -9.64086 -9.03123 -7.88964 -7.30288 -7.05200 -0.954919 -0.462063 -1.73011 -0.816296 -1.27251 -1.63153 -0.909553 -0.277719 -1.13037 -0.804137 -0.896986 -0.668455 0.0561855 -0.946857 -0.00252506 -0.452144  2.54764
iter: 1  value: -828.6333 mgc: 0.09403872 ustep: 1 
iter: 2  value: -828.6333 mgc: 8.484415e-05 ustep: 1 
iter: 3  mgc: 3.352032e-10 
iter: 1  mgc: 3.352032e-10 
outer mgc:  0.1902546 
 57:     264.78770: -9.64364 -9.03283 -7.89210 -7.30170 -7.05549 -0.955761 -0.462541 -1.73227 -0.815446 -1.26984 -1.63153 -0.910938 -0.279141 -1.13277 -0.806909 -0.898507 -0.669860 0.0564374 -0.948064 0.00792236 -0.451393  2.54717
iter: 1  value: -828.1611 mgc: 0.1344814 ustep: 1 
iter: 2  value: -828.1611 mgc: 1.449617e-05 ustep: 1 
iter: 3  mgc: 2.060407e-12 
iter: 1  mgc: 2.060407e-12 
outer mgc:  0.1479374 
 58:     264.78614: -9.63759 -9.03115 -7.88979 -7.30135 -7.05611 -0.954858 -0.462381 -1.73081 -0.815782 -1.27496 -1.63151 -0.909294 -0.281191 -1.13480 -0.808879 -0.898794 -0.670187 0.0532762 -0.945622 0.0160565 -0.449230  2.54743
iter: 1  value: -827.7146 mgc: 0.07308967 ustep: 1 
iter: 2  value: -827.7146 mgc: 1.400166e-05 ustep: 1 
iter: 3  mgc: 1.605216e-12 
iter: 1  mgc: 1.605216e-12 
outer mgc:  0.2651938 
 59:     264.78534: -9.63603 -9.03052 -7.89133 -7.30461 -7.05627 -0.955722 -0.462372 -1.73046 -0.815255 -1.27119 -1.63017 -0.910808 -0.282996 -1.13709 -0.811100 -0.899012 -0.669599 0.0530459 -0.948346 0.0266887 -0.447416  2.54557
iter: 1  value: -827.6608 mgc: 0.07111405 ustep: 1 
iter: 2  value: -827.6608 mgc: 0.0001573893 ustep: 1 
iter: 3  mgc: 1.50406e-09 
iter: 1  mgc: 1.50406e-09 
outer mgc:  0.2005914 
 60:     264.78478: -9.64024 -9.02887 -7.88953 -7.30104 -7.05278 -0.955681 -0.461766 -1.73100 -0.815331 -1.27323 -1.62989 -0.909835 -0.284855 -1.13995 -0.812959 -0.899483 -0.671445 0.0514168 -0.949833 0.0365566 -0.447654  2.54469
iter: 1  value: -827.4623 mgc: 0.1537504 ustep: 1 
iter: 2  value: -827.4623 mgc: 0.0001598427 ustep: 1 
iter: 3  mgc: 2.520956e-09 
iter: 1  value: -827.8724 mgc: 0.05830101 ustep: 1 
iter: 2  value: -827.8724 mgc: 7.958217e-05 ustep: 1 
iter: 3  mgc: 5.823848e-10 
iter: 1  mgc: 5.823848e-10 
outer mgc:  0.2477938 
 61:     264.78466: -9.63991 -9.03179 -7.88981 -7.29990 -7.05541 -0.956675 -0.462446 -1.73142 -0.815886 -1.27268 -1.63064 -0.909526 -0.285233 -1.14057 -0.813688 -0.900079 -0.670777 0.0511024 -0.949506 0.0381139 -0.446964  2.54378
iter: 1  value: -827.6835 mgc: 0.09511277 ustep: 1 
iter: 2  value: -827.6835 mgc: 9.938741e-06 ustep: 1 
iter: 3  mgc: 1.224942e-11 
iter: 1  mgc: 1.224942e-11 
outer mgc:  0.09250196 
 62:     264.78431: -9.63913 -9.03105 -7.89018 -7.30154 -7.05477 -0.956207 -0.462414 -1.73250 -0.815596 -1.27184 -1.62988 -0.909743 -0.285036 -1.14068 -0.813614 -0.900273 -0.672078 0.0503132 -0.946919 0.0406530 -0.445304  2.54347
iter: 1  value: -827.3526 mgc: 0.09887841 ustep: 1 
iter: 2  value: -827.3526 mgc: 1.226399e-05 ustep: 1 
iter: 3  mgc: 1.045386e-12 
iter: 1  value: -827.3556 mgc: 0.03667111 ustep: 1 
iter: 2  value: -827.3556 mgc: 1.330253e-06 ustep: 1 
iter: 3  mgc: 4.512883e-13 
iter: 1  mgc: 4.512883e-13 
outer mgc:  0.07630508 
 63:     264.78429: -9.63905 -9.03033 -7.89056 -7.30146 -7.05500 -0.956193 -0.462366 -1.73129 -0.815570 -1.27159 -1.62966 -0.909802 -0.285135 -1.14077 -0.813657 -0.900316 -0.671708 0.0505065 -0.947071 0.0407849 -0.445325  2.54333
iter: 1  value: -827.7035 mgc: 0.02501668 ustep: 1 
iter: 2  value: -827.7035 mgc: 6.947271e-07 ustep: 1 
iter: 3  mgc: 7.653149e-13 
iter: 1  mgc: 7.653149e-13 
outer mgc:  0.02654242 
 64:     264.78422: -9.63863 -9.03040 -7.89018 -7.30167 -7.05480 -0.956482 -0.462273 -1.73156 -0.815604 -1.27181 -1.63007 -0.909973 -0.285439 -1.14102 -0.813962 -0.900343 -0.671272 0.0506217 -0.947964 0.0411025 -0.445772  2.54376
iter: 1  value: -827.7286 mgc: 0.01150516 ustep: 1 
iter: 2  value: -827.7286 mgc: 2.710249e-07 ustep: 1 
iter: 3  mgc: 6.13759e-13 
iter: 1  mgc: 6.13759e-13 
outer mgc:  0.01835496 
 65:     264.78421: -9.63801 -9.03024 -7.89003 -7.30138 -7.05479 -0.956271 -0.462255 -1.73158 -0.815392 -1.27209 -1.62977 -0.910009 -0.285470 -1.14107 -0.813731 -0.899964 -0.671198 0.0508869 -0.949073 0.0415071 -0.445971  2.54409
iter: 1  value: -827.7157 mgc: 0.03007471 ustep: 1 
iter: 2  value: -827.7157 mgc: 8.586561e-07 ustep: 1 
iter: 3  mgc: 4.639622e-13 
iter: 1  mgc: 4.639622e-13 
outer mgc:  0.01620756 
 66:     264.78420: -9.63821 -9.03035 -7.89022 -7.30149 -7.05484 -0.956403 -0.462316 -1.73131 -0.815640 -1.27191 -1.62998 -0.909721 -0.285834 -1.14159 -0.814176 -0.900074 -0.670952 0.0509406 -0.949742 0.0425106 -0.445861  2.54393
iter: 1  value: -827.6491 mgc: 0.01376946 ustep: 1 
iter: 2  value: -827.6491 mgc: 2.351359e-07 ustep: 1 
iter: 3  mgc: 4.566902e-13 
iter: 1  mgc: 4.566902e-13 
outer mgc:  0.01493319 
 67:     264.78420: -9.63784 -9.03016 -7.88990 -7.30133 -7.05487 -0.956667 -0.462145 -1.73144 -0.815459 -1.27141 -1.63000 -0.909800 -0.285944 -1.14182 -0.814419 -0.900191 -0.671095 0.0503362 -0.949004 0.0431497 -0.446107  2.54337
iter: 1  value: -827.7087 mgc: 0.01203504 ustep: 1 
iter: 2  value: -827.7087 mgc: 1.05308e-07 ustep: 1 
iter: 3  mgc: 3.770792e-13 
iter: 1  mgc: 3.770792e-13 
outer mgc:  0.008930104 
 68:     264.78419: -9.63808 -9.03033 -7.88997 -7.30146 -7.05483 -0.956540 -0.462321 -1.73156 -0.815586 -1.27134 -1.62992 -0.909866 -0.285879 -1.14186 -0.814343 -0.900193 -0.671195 0.0503540 -0.948819 0.0435793 -0.445804  2.54370
iter: 1  value: -827.6974 mgc: 0.005408185 ustep: 1 
iter: 2  value: -827.6974 mgc: 9.247849e-08 ustep: 1 
iter: 3  mgc: 4.874157e-13 
iter: 1  value: -827.6935 mgc: 0.003419167 ustep: 1 
iter: 2  value: -827.6935 mgc: 2.118421e-08 ustep: 1 
iter: 3  mgc: 6.455947e-13 
iter: 1  mgc: 6.455947e-13 
outer mgc:  0.004871404 
 69:     264.78419: -9.63802 -9.03022 -7.89002 -7.30144 -7.05479 -0.956546 -0.462297 -1.73157 -0.815597 -1.27151 -1.62985 -0.909870 -0.285897 -1.14184 -0.814365 -0.900243 -0.671133 0.0505582 -0.949002 0.0434673 -0.445721  2.54365
iter: 1  value: -827.7013 mgc: 0.006728222 ustep: 1 
iter: 2  value: -827.7013 mgc: 5.153648e-08 ustep: 1 
iter: 3  mgc: 4.363049e-13 
iter: 1  mgc: 4.363049e-13 
outer mgc:  0.003071717 
 70:     264.78419: -9.63810 -9.03027 -7.89005 -7.30148 -7.05487 -0.956512 -0.462224 -1.73150 -0.815586 -1.27160 -1.62989 -0.909823 -0.285809 -1.14181 -0.814309 -0.900198 -0.671198 0.0506896 -0.949275 0.0434038 -0.445659  2.54372
iter: 1  value: -827.7115 mgc: 0.001886046 ustep: 1 
iter: 2  mgc: 9.612866e-09 
iter: 1  mgc: 9.612866e-09 
outer mgc:  0.00258767 
 71:     264.78419: -9.63809 -9.03032 -7.89007 -7.30147 -7.05484 -0.956507 -0.462252 -1.73151 -0.815568 -1.27159 -1.62988 -0.909837 -0.285887 -1.14185 -0.814318 -0.900174 -0.671119 0.0506159 -0.949245 0.0433914 -0.445768  2.54375
iter: 1  value: -827.7181 mgc: 0.001630908 ustep: 1 
iter: 2  mgc: 7.346074e-09 
iter: 1  value: -827.7118 mgc: 0.0006900443 ustep: 1 
iter: 2  mgc: 1.489155e-09 
iter: 1  mgc: 1.489155e-09 
outer mgc:  0.0005601525 
 72:     264.78419: -9.63808 -9.03028 -7.89005 -7.30146 -7.05484 -0.956515 -0.462274 -1.73151 -0.815597 -1.27159 -1.62988 -0.909847 -0.285883 -1.14184 -0.814321 -0.900197 -0.671103 0.0506191 -0.949214 0.0434065 -0.445782  2.54375
iter: 1  value: -827.7038 mgc: 0.001405413 ustep: 1 
iter: 2  mgc: 2.123917e-09 
iter: 1  mgc: 2.123917e-09 
outer mgc:  0.0005360049 
 73:     264.78419: -9.63807 -9.03028 -7.89004 -7.30145 -7.05483 -0.956527 -0.462278 -1.73152 -0.815596 -1.27159 -1.62988 -0.909843 -0.285888 -1.14185 -0.814328 -0.900203 -0.671118 0.0506266 -0.949201 0.0433871 -0.445736  2.54370
iter: 1  value: -827.7052 mgc: 0.00123768 ustep: 1 
iter: 2  mgc: 2.458109e-09 
iter: 1  mgc: 2.458109e-09 
outer mgc:  0.0009567668 
 74:     264.78419: -9.63806 -9.03027 -7.89003 -7.30144 -7.05482 -0.956519 -0.462266 -1.73151 -0.815579 -1.27157 -1.62988 -0.909844 -0.285908 -1.14186 -0.814333 -0.900192 -0.671116 0.0506114 -0.949160 0.0433996 -0.445766  2.54373
iter: 1  value: -827.7046 mgc: 0.0005057322 ustep: 1 
iter: 2  mgc: 1.726845e-10 
iter: 1  mgc: 1.726845e-10 
outer mgc:  0.0002381703 
 75:     264.78419: -9.63806 -9.03028 -7.89003 -7.30145 -7.05483 -0.956526 -0.462267 -1.73152 -0.815584 -1.27158 -1.62988 -0.909841 -0.285898 -1.14185 -0.814324 -0.900188 -0.671110 0.0506006 -0.949168 0.0434068 -0.445785  2.54371
iter: 1  mgc: 1.726845e-10 
iter: 1  mgc: 1.726845e-10 
outer mgc:  0.0002381703 
iter: 1  value: -827.7046 mgc: 0.002642821 ustep: 1 
iter: 2  value: -827.7046 mgc: 1.012998e-08 ustep: 1 
mgc: 4.988787e-13 
outer mgc:  0.03003158 
iter: 1  value: -827.7046 mgc: 0.002642821 ustep: 1 
iter: 2  value: -827.7046 mgc: 1.012897e-08 ustep: 1 
mgc: 5.107026e-13 
outer mgc:  0.02978297 
iter: 1  value: -827.7052 mgc: 0.01584477 ustep: 1 
iter: 2  value: -827.7052 mgc: 1.214019e-06 ustep: 1 
iter: 3  mgc: 5.384755e-13 
outer mgc:  0.1254352 
iter: 1  value: -827.7039 mgc: 0.01584477 ustep: 1 
iter: 2  value: -827.7039 mgc: 1.213723e-06 ustep: 1 
iter: 3  mgc: 7.622548e-13 
outer mgc:  0.1256778 
iter: 1  value: -827.7046 mgc: 0.008229997 ustep: 1 
iter: 2  value: -827.7046 mgc: 8.18849e-08 ustep: 1 
iter: 3  mgc: 4.901357e-13 
outer mgc:  0.09491915 
iter: 1  value: -827.7045 mgc: 0.008229997 ustep: 1 
iter: 2  value: -827.7045 mgc: 8.187341e-08 ustep: 1 
iter: 3  mgc: 5.303119e-13 
outer mgc:  0.09480704 
iter: 1  value: -827.7047 mgc: 0.01214559 ustep: 1 
iter: 2  value: -827.7047 mgc: 5.023464e-07 ustep: 1 
iter: 3  mgc: 6.074308e-13 
outer mgc:  0.1326578 
iter: 1  value: -827.7044 mgc: 0.01214559 ustep: 1 
iter: 2  value: -827.7044 mgc: 5.021703e-07 ustep: 1 
iter: 3  mgc: 4.368866e-13 
outer mgc:  0.1327146 
iter: 1  value: -827.7059 mgc: 0.007920341 ustep: 1 
iter: 2  value: -827.7059 mgc: 3.447051e-06 ustep: 1 
iter: 3  mgc: 1.381117e-12 
outer mgc:  0.1163257 
iter: 1  value: -827.7032 mgc: 0.007920341 ustep: 1 
iter: 2  value: -827.7032 mgc: 3.444503e-06 ustep: 1 
iter: 3  mgc: 1.379452e-12 
outer mgc:  0.1159511 
iter: 1  value: -827.44 mgc: 0.03489014 ustep: 1 
iter: 2  value: -827.44 mgc: 8.076229e-07 ustep: 1 
iter: 3  mgc: 4.796719e-13 
outer mgc:  0.06941948 
iter: 1  value: -827.9692 mgc: 0.03495999 ustep: 1 
iter: 2  value: -827.9692 mgc: 8.067017e-07 ustep: 1 
iter: 3  mgc: 3.326506e-13 
outer mgc:  0.06956854 
iter: 1  value: -827.6992 mgc: 0.007711868 ustep: 1 
iter: 2  value: -827.6992 mgc: 1.172854e-08 ustep: 1 
mgc: 4.704527e-13 
outer mgc:  0.05171288 
iter: 1  value: -827.7101 mgc: 0.007727307 ustep: 1 
iter: 2  value: -827.7101 mgc: 1.17541e-08 ustep: 1 
mgc: 4.565237e-13 
outer mgc:  0.05140667 
iter: 1  value: -827.4956 mgc: 0.02462143 ustep: 1 
iter: 2  value: -827.4956 mgc: 9.355412e-07 ustep: 1 
iter: 3  mgc: 5.813579e-13 
outer mgc:  0.1325185 
iter: 1  value: -827.9136 mgc: 0.02467072 ustep: 1 
iter: 2  value: -827.9136 mgc: 9.396654e-07 ustep: 1 
iter: 3  mgc: 4.747071e-13 
outer mgc:  0.1322425 
iter: 1  value: -827.693 mgc: 0.01075072 ustep: 1 
iter: 2  value: -827.693 mgc: 4.995285e-08 ustep: 1 
iter: 3  mgc: 5.217285e-13 
outer mgc:  0.04146917 
iter: 1  value: -827.7162 mgc: 0.0107723 ustep: 1 
iter: 2  value: -827.7162 mgc: 5.0121e-08 ustep: 1 
iter: 3  mgc: 6.616964e-13 
outer mgc:  0.04115968 
iter: 1  value: -827.6871 mgc: 0.01728796 ustep: 1 
iter: 2  value: -827.6871 mgc: 2.243839e-07 ustep: 1 
iter: 3  mgc: 5.161982e-13 
outer mgc:  0.02554385 
iter: 1  value: -827.7222 mgc: 0.01732241 ustep: 1 
iter: 2  value: -827.7222 mgc: 2.248026e-07 ustep: 1 
iter: 3  mgc: 5.811046e-13 
outer mgc:  0.02536637 
iter: 1  value: -827.5554 mgc: 0.04600168 ustep: 1 
iter: 2  value: -827.5554 mgc: 7.131017e-07 ustep: 1 
iter: 3  mgc: 7.079858e-13 
outer mgc:  0.09525057 
iter: 1  value: -827.8539 mgc: 0.04611092 ustep: 1 
iter: 2  value: -827.8539 mgc: 7.146632e-07 ustep: 1 
iter: 3  mgc: 3.807735e-13 
outer mgc:  0.09510097 
iter: 1  value: -827.6728 mgc: 0.02024909 ustep: 1 
iter: 2  value: -827.6728 mgc: 1.205662e-06 ustep: 1 
iter: 3  mgc: 5.997772e-13 
outer mgc:  0.07068142 
iter: 1  value: -827.7364 mgc: 0.02029568 ustep: 1 
iter: 2  value: -827.7364 mgc: 1.204688e-06 ustep: 1 
iter: 3  mgc: 4.777845e-13 
outer mgc:  0.07034696 
iter: 1  value: -827.7027 mgc: 0.006398297 ustep: 1 
iter: 2  mgc: 4.771562e-09 
outer mgc:  0.02377991 
iter: 1  value: -827.7066 mgc: 0.006411769 ustep: 1 
iter: 2  mgc: 4.784793e-09 
outer mgc:  0.02391731 
iter: 1  value: -827.6996 mgc: 0.01534597 ustep: 1 
iter: 2  value: -827.6996 mgc: 4.298384e-08 ustep: 1 
iter: 3  mgc: 4.831899e-13 
outer mgc:  0.01704673 
iter: 1  value: -827.7096 mgc: 0.01537791 ustep: 1 
iter: 2  value: -827.7096 mgc: 4.303196e-08 ustep: 1 
iter: 3  mgc: 7.553645e-13 
outer mgc:  0.01701178 
iter: 1  value: -827.7024 mgc: 0.01097209 ustep: 1 
iter: 2  value: -827.7024 mgc: 2.091637e-08 ustep: 1 
mgc: 4.794967e-13 
outer mgc:  0.02789979 
iter: 1  value: -827.7068 mgc: 0.01099741 ustep: 1 
iter: 2  value: -827.7068 mgc: 2.102885e-08 ustep: 1 
mgc: 9.78162e-13 
outer mgc:  0.027879 
iter: 1  value: -827.6961 mgc: 0.01592938 ustep: 1 
iter: 2  value: -827.6961 mgc: 2.250917e-07 ustep: 1 
iter: 3  mgc: 3.704675e-13 
outer mgc:  0.07499291 
iter: 1  value: -827.7131 mgc: 0.01596677 ustep: 1 
iter: 2  value: -827.7131 mgc: 2.255701e-07 ustep: 1 
iter: 3  mgc: 8.509131e-13 
outer mgc:  0.0746221 
iter: 1  value: -827.7005 mgc: 0.01634087 ustep: 1 
iter: 2  value: -827.7005 mgc: 2.161151e-06 ustep: 1 
iter: 3  mgc: 4.236646e-13 
outer mgc:  0.04461426 
iter: 1  value: -827.7088 mgc: 0.01637359 ustep: 1 
iter: 2  value: -827.7088 mgc: 2.166128e-06 ustep: 1 
iter: 3  mgc: 6.038538e-13 
outer mgc:  0.04465399 
iter: 1  value: -827.6847 mgc: 0.00732904 ustep: 1 
iter: 2  value: -827.6847 mgc: 6.666795e-08 ustep: 1 
mgc: 3.472778e-13 
outer mgc:  0.01585466 
iter: 1  value: -827.7246 mgc: 0.007337922 ustep: 1 
iter: 2  value: -827.7246 mgc: 6.679186e-08 ustep: 1 
mgc: 4.097018e-13 
outer mgc:  0.01579742 
iter: 1  value: -827.666 mgc: 0.01141192 ustep: 1 
iter: 2  value: -827.666 mgc: 1.685444e-07 ustep: 1 
iter: 3  mgc: 6.118994e-13 
outer mgc:  0.01242877 
iter: 1  value: -827.7433 mgc: 0.01142632 ustep: 1 
iter: 2  value: -827.7433 mgc: 1.688223e-07 ustep: 1 
iter: 3  mgc: 4.957701e-13 
outer mgc:  0.01224615 
iter: 1  value: -827.7024 mgc: 0.006598125 ustep: 1 
iter: 2  mgc: 4.925195e-09 
outer mgc:  0.005893087 
iter: 1  value: -827.7069 mgc: 0.006605324 ustep: 1 
iter: 2  mgc: 4.93756e-09 
outer mgc:  0.005846118 
iter: 1  value: -827.7014 mgc: 0.007579149 ustep: 1 
iter: 2  value: -827.7014 mgc: 6.65883e-08 ustep: 1 
iter: 3  mgc: 5.528217e-13 
outer mgc:  0.01568355 
iter: 1  value: -827.7078 mgc: 0.007587013 ustep: 1 
iter: 2  value: -827.7078 mgc: 6.67169e-08 ustep: 1 
iter: 3  mgc: 4.625744e-13 
outer mgc:  0.01522881 
iter: 1  value: -827.9602 mgc: 0.03497963 ustep: 1 
iter: 2  value: -827.9602 mgc: 3.652052e-07 ustep: 1 
iter: 3  mgc: 4.372891e-13 
outer mgc:  0.01984509 
iter: 1  value: -827.4491 mgc: 0.03490978 ustep: 1 
iter: 2  value: -827.4491 mgc: 3.659972e-07 ustep: 1 
iter: 3  mgc: 6.871448e-13 
outer mgc:  0.02004193 
iter: 1  value: -827.7055 mgc: 0.0002703076 ustep: 1 
iter: 2  mgc: 9.1116e-11 
iter: 1  mgc: 9.1116e-11 
outer mgc:  3.61795e-09 
iter: 1  value: -827.7054 mgc: 0.002642832 ustep: 1 
iter: 2  value: -827.7054 mgc: 1.012953e-08 ustep: 1 
mgc: 4.706582e-13 
outer mgc:  0.02990725 
iter: 1  value: -827.7055 mgc: 0.002642832 ustep: 1 
iter: 2  value: -827.7055 mgc: 1.012878e-08 ustep: 1 
mgc: 3.741868e-13 
outer mgc:  0.02990729 
iter: 1  value: -827.7061 mgc: 0.01584484 ustep: 1 
iter: 2  value: -827.7061 mgc: 1.213998e-06 ustep: 1 
iter: 3  mgc: 4.412963e-13 
outer mgc:  0.1255599 
iter: 1  value: -827.7048 mgc: 0.01584484 ustep: 1 
iter: 2  value: -827.7048 mgc: 1.213702e-06 ustep: 1 
iter: 3  mgc: 4.668765e-13 
outer mgc:  0.1255539 
iter: 1  value: -827.7055 mgc: 0.008230064 ustep: 1 
iter: 2  value: -827.7055 mgc: 8.188539e-08 ustep: 1 
iter: 3  mgc: 4.264083e-13 
outer mgc:  0.09486378 
iter: 1  value: -827.7054 mgc: 0.008230064 ustep: 1 
iter: 2  value: -827.7054 mgc: 8.187394e-08 ustep: 1 
iter: 3  mgc: 4.383716e-13 
outer mgc:  0.09486371 
iter: 1  value: -827.7056 mgc: 0.01214567 ustep: 1 
iter: 2  value: -827.7056 mgc: 5.023535e-07 ustep: 1 
iter: 3  mgc: 4.033093e-13 
outer mgc:  0.1326872 
iter: 1  value: -827.7052 mgc: 0.01214567 ustep: 1 
iter: 2  value: -827.7052 mgc: 5.021771e-07 ustep: 1 
iter: 3  mgc: 3.826384e-13 
outer mgc:  0.1326865 
iter: 1  value: -827.7068 mgc: 0.007920348 ustep: 1 
iter: 2  value: -827.7068 mgc: 3.447107e-06 ustep: 1 
iter: 3  mgc: 1.343869e-12 
outer mgc:  0.1161448 
iter: 1  value: -827.7041 mgc: 0.007920348 ustep: 1 
iter: 2  value: -827.7041 mgc: 3.444558e-06 ustep: 1 
iter: 3  mgc: 1.318889e-12 
outer mgc:  0.1161326 
iter: 1  value: -827.4409 mgc: 0.03489023 ustep: 1 
iter: 2  value: -827.4409 mgc: 8.076227e-07 ustep: 1 
iter: 3  mgc: 4.088396e-13 
outer mgc:  0.06948553 
iter: 1  value: -827.9701 mgc: 0.03496008 ustep: 1 
iter: 2  value: -827.9701 mgc: 8.067016e-07 ustep: 1 
iter: 3  mgc: 5.807403e-13 
outer mgc:  0.06950232 
iter: 1  value: -827.7 mgc: 0.007711901 ustep: 1 
iter: 2  value: -827.7 mgc: 1.17288e-08 ustep: 1 
mgc: 6.760772e-13 
outer mgc:  0.05153791 
iter: 1  value: -827.7109 mgc: 0.007727341 ustep: 1 
iter: 2  value: -827.7109 mgc: 1.175428e-08 ustep: 1 
mgc: 6.129854e-13 
outer mgc:  0.05158197 
iter: 1  value: -827.4965 mgc: 0.02462143 ustep: 1 
iter: 2  value: -827.4965 mgc: 9.355393e-07 ustep: 1 
iter: 3  mgc: 6.357762e-13 
outer mgc:  0.1324215 
iter: 1  value: -827.9144 mgc: 0.02467072 ustep: 1 
iter: 2  value: -827.9144 mgc: 9.396636e-07 ustep: 1 
iter: 3  mgc: 5.146716e-13 
outer mgc:  0.1323407 
iter: 1  value: -827.6938 mgc: 0.01075078 ustep: 1 
iter: 2  value: -827.6938 mgc: 4.995277e-08 ustep: 1 
iter: 3  mgc: 6.063205e-13 
outer mgc:  0.04131748 
iter: 1  value: -827.7171 mgc: 0.01077236 ustep: 1 
iter: 2  value: -827.7171 mgc: 5.012107e-08 ustep: 1 
iter: 3  mgc: 4.372613e-13 
outer mgc:  0.04131141 
iter: 1  value: -827.6879 mgc: 0.017288 ustep: 1 
iter: 2  value: -827.6879 mgc: 2.243834e-07 ustep: 1 
iter: 3  mgc: 4.676814e-13 
outer mgc:  0.02547928 
iter: 1  value: -827.723 mgc: 0.01732245 ustep: 1 
iter: 2  value: -827.723 mgc: 2.248022e-07 ustep: 1 
iter: 3  mgc: 4.115822e-13 
outer mgc:  0.02543049 
iter: 1  value: -827.5562 mgc: 0.04600197 ustep: 1 
iter: 2  value: -827.5562 mgc: 7.131025e-07 ustep: 1 
iter: 3  mgc: 4.042738e-13 
outer mgc:  0.09521919 
iter: 1  value: -827.8547 mgc: 0.04611121 ustep: 1 
iter: 2  value: -827.8547 mgc: 7.146633e-07 ustep: 1 
iter: 3  mgc: 6.092904e-13 
outer mgc:  0.09513189 
iter: 1  value: -827.6737 mgc: 0.02024924 ustep: 1 
iter: 2  value: -827.6737 mgc: 1.205647e-06 ustep: 1 
iter: 3  mgc: 4.937526e-13 
outer mgc:  0.07050853 
iter: 1  value: -827.7373 mgc: 0.02029584 ustep: 1 
iter: 2  value: -827.7373 mgc: 1.204673e-06 ustep: 1 
iter: 3  mgc: 4.110323e-13 
outer mgc:  0.07051985 
iter: 1  value: -827.7035 mgc: 0.006398278 ustep: 1 
iter: 2  mgc: 4.771336e-09 
outer mgc:  0.02383136 
iter: 1  value: -827.7074 mgc: 0.00641175 ustep: 1 
iter: 2  mgc: 4.784586e-09 
outer mgc:  0.02386577 
iter: 1  value: -827.7005 mgc: 0.01534601 ustep: 1 
iter: 2  value: -827.7005 mgc: 4.298323e-08 ustep: 1 
iter: 3  mgc: 6.023099e-13 
outer mgc:  0.01702808 
iter: 1  value: -827.7105 mgc: 0.01537795 ustep: 1 
iter: 2  value: -827.7105 mgc: 4.303162e-08 ustep: 1 
iter: 3  mgc: 7.34808e-13 
outer mgc:  0.0170305 
iter: 1  value: -827.7033 mgc: 0.01097214 ustep: 1 
iter: 2  value: -827.7033 mgc: 2.091574e-08 ustep: 1 
mgc: 5.267418e-13 
outer mgc:  0.0278688 
iter: 1  value: -827.7077 mgc: 0.01099746 ustep: 1 
iter: 2  value: -827.7077 mgc: 2.102898e-08 ustep: 1 
mgc: 6.179918e-13 
outer mgc:  0.02791019 
iter: 1  value: -827.697 mgc: 0.01592939 ustep: 1 
iter: 2  value: -827.697 mgc: 2.250988e-07 ustep: 1 
iter: 3  mgc: 5.028894e-13 
outer mgc:  0.07475509 
iter: 1  value: -827.7139 mgc: 0.01596678 ustep: 1 
iter: 2  value: -827.7139 mgc: 2.255769e-07 ustep: 1 
iter: 3  mgc: 6.267903e-13 
outer mgc:  0.07486062 
iter: 1  value: -827.7013 mgc: 0.0163408 ustep: 1 
iter: 2  value: -827.7013 mgc: 2.16115e-06 ustep: 1 
iter: 3  mgc: 5.199985e-13 
outer mgc:  0.04460691 
iter: 1  value: -827.7096 mgc: 0.01637351 ustep: 1 
iter: 2  value: -827.7096 mgc: 2.166126e-06 ustep: 1 
iter: 3  mgc: 4.9033e-13 
outer mgc:  0.04466136 
iter: 1  value: -827.6855 mgc: 0.00732902 ustep: 1 
iter: 2  value: -827.6855 mgc: 6.666727e-08 ustep: 1 
mgc: 4.012138e-13 
outer mgc:  0.01582346 
iter: 1  value: -827.7254 mgc: 0.007337902 ustep: 1 
iter: 2  value: -827.7254 mgc: 6.67911e-08 ustep: 1 
mgc: 5.921136e-13 
outer mgc:  0.01582851 
iter: 1  value: -827.6668 mgc: 0.01141198 ustep: 1 
iter: 2  value: -827.6668 mgc: 1.685437e-07 ustep: 1 
iter: 3  mgc: 6.264468e-13 
outer mgc:  0.01233128 
iter: 1  value: -827.7441 mgc: 0.01142638 ustep: 1 
iter: 2  value: -827.7441 mgc: 1.688214e-07 ustep: 1 
iter: 3  mgc: 3.608502e-13 
outer mgc:  0.01234395 
iter: 1  value: -827.7033 mgc: 0.006598155 ustep: 1 
iter: 2  mgc: 4.925176e-09 
outer mgc:  0.005866696 
iter: 1  value: -827.7077 mgc: 0.006605354 ustep: 1 
iter: 2  mgc: 4.937401e-09 
outer mgc:  0.005872607 
iter: 1  value: -827.7023 mgc: 0.007579077 ustep: 1 
iter: 2  value: -827.7023 mgc: 6.658772e-08 ustep: 1 
iter: 3  mgc: 3.641532e-13 
outer mgc:  0.01544515 
iter: 1  value: -827.7087 mgc: 0.00758694 ustep: 1 
iter: 2  value: -827.7087 mgc: 6.67162e-08 ustep: 1 
iter: 3  mgc: 5.416258e-13 
outer mgc:  0.01546676 
iter: 1  value: -827.961 mgc: 0.03497972 ustep: 1 
iter: 2  value: -827.961 mgc: 3.652054e-07 ustep: 1 
iter: 3  mgc: 6.312728e-13 
outer mgc:  0.01994282 
iter: 1  value: -827.45 mgc: 0.03490987 ustep: 1 
iter: 2  value: -827.45 mgc: 3.659976e-07 ustep: 1 
iter: 3  mgc: 5.776785e-13 
outer mgc:  0.01994437 
iter: 1  mgc: 1.391831e-09 
iter: 1  mgc: 1.391831e-09 
outer mgc:  2.020289e-11 
iter: 1  value: -827.7054 mgc: 0.002642833 ustep: 1 
iter: 2  value: -827.7054 mgc: 1.012985e-08 ustep: 1 
mgc: 7.252775e-13 
outer mgc:  0.02990726 
iter: 1  value: -827.7055 mgc: 0.002642833 ustep: 1 
iter: 2  value: -827.7055 mgc: 1.012885e-08 ustep: 1 
mgc: 3.506084e-13 
outer mgc:  0.02990729 
iter: 1  value: -827.7061 mgc: 0.01584484 ustep: 1 
iter: 2  value: -827.7061 mgc: 1.213998e-06 ustep: 1 
iter: 3  mgc: 5.770939e-13 
outer mgc:  0.1255599 
iter: 1  value: -827.7048 mgc: 0.01584485 ustep: 1 
iter: 2  value: -827.7048 mgc: 1.213702e-06 ustep: 1 
iter: 3  mgc: 4.70235e-13 
outer mgc:  0.1255539 
iter: 1  value: -827.7055 mgc: 0.008230064 ustep: 1 
iter: 2  value: -827.7055 mgc: 8.188536e-08 ustep: 1 
iter: 3  mgc: 4.999334e-13 
outer mgc:  0.09486378 
iter: 1  value: -827.7054 mgc: 0.008230064 ustep: 1 
iter: 2  value: -827.7054 mgc: 8.187395e-08 ustep: 1 
iter: 3  mgc: 4.725526e-13 
outer mgc:  0.09486371 
iter: 1  value: -827.7056 mgc: 0.01214567 ustep: 1 
iter: 2  value: -827.7056 mgc: 5.023535e-07 ustep: 1 
iter: 3  mgc: 4.312106e-13 
outer mgc:  0.1326872 
iter: 1  value: -827.7052 mgc: 0.01214567 ustep: 1 
iter: 2  value: -827.7052 mgc: 5.021773e-07 ustep: 1 
iter: 3  mgc: 5.368483e-13 
outer mgc:  0.1326865 
iter: 1  value: -827.7068 mgc: 0.007920349 ustep: 1 
iter: 2  value: -827.7068 mgc: 3.447107e-06 ustep: 1 
iter: 3  mgc: 1.339373e-12 
outer mgc:  0.1161448 
iter: 1  value: -827.7041 mgc: 0.007920349 ustep: 1 
iter: 2  value: -827.7041 mgc: 3.444558e-06 ustep: 1 
iter: 3  mgc: 1.399436e-12 
outer mgc:  0.1161326 
iter: 1  value: -827.4409 mgc: 0.03489023 ustep: 1 
iter: 2  value: -827.4409 mgc: 8.076226e-07 ustep: 1 
iter: 3  mgc: 4.12094e-13 
outer mgc:  0.06948553 
iter: 1  value: -827.9701 mgc: 0.03496008 ustep: 1 
iter: 2  value: -827.9701 mgc: 8.067018e-07 ustep: 1 
iter: 3  mgc: 4.40592e-13 
outer mgc:  0.06950232 
iter: 1  value: -827.7 mgc: 0.007711901 ustep: 1 
iter: 2  value: -827.7 mgc: 1.172896e-08 ustep: 1 
mgc: 5.742629e-13 
outer mgc:  0.05153791 
iter: 1  value: -827.7109 mgc: 0.007727341 ustep: 1 
iter: 2  value: -827.7109 mgc: 1.175431e-08 ustep: 1 
mgc: 3.674838e-13 
outer mgc:  0.05158197 
iter: 1  value: -827.4965 mgc: 0.02462143 ustep: 1 
iter: 2  value: -827.4965 mgc: 9.355393e-07 ustep: 1 
iter: 3  mgc: 3.944345e-13 
outer mgc:  0.1324215 
iter: 1  value: -827.9144 mgc: 0.02467072 ustep: 1 
iter: 2  value: -827.9144 mgc: 9.396637e-07 ustep: 1 
iter: 3  mgc: 5.796093e-13 
outer mgc:  0.1323407 
iter: 1  value: -827.6938 mgc: 0.01075078 ustep: 1 
iter: 2  value: -827.6938 mgc: 4.99527e-08 ustep: 1 
iter: 3  mgc: 5.745543e-13 
outer mgc:  0.04131748 
iter: 1  value: -827.7171 mgc: 0.01077236 ustep: 1 
iter: 2  value: -827.7171 mgc: 5.012106e-08 ustep: 1 
iter: 3  mgc: 4.620193e-13 
outer mgc:  0.04131141 
iter: 1  value: -827.6879 mgc: 0.017288 ustep: 1 
iter: 2  value: -827.6879 mgc: 2.243835e-07 ustep: 1 
iter: 3  mgc: 4.661533e-13 
outer mgc:  0.02547928 
iter: 1  value: -827.723 mgc: 0.01732245 ustep: 1 
iter: 2  value: -827.723 mgc: 2.248025e-07 ustep: 1 
iter: 3  mgc: 5.719591e-13 
outer mgc:  0.02543049 
iter: 1  value: -827.5562 mgc: 0.04600197 ustep: 1 
iter: 2  value: -827.5562 mgc: 7.131026e-07 ustep: 1 
iter: 3  mgc: 4.39827e-13 
outer mgc:  0.09521919 
iter: 1  value: -827.8547 mgc: 0.04611121 ustep: 1 
iter: 2  value: -827.8547 mgc: 7.146632e-07 ustep: 1 
iter: 3  mgc: 3.93463e-13 
outer mgc:  0.09513189 
iter: 1  value: -827.6737 mgc: 0.02024924 ustep: 1 
iter: 2  value: -827.6737 mgc: 1.205647e-06 ustep: 1 
iter: 3  mgc: 5.513506e-13 
outer mgc:  0.07050853 
iter: 1  value: -827.7373 mgc: 0.02029584 ustep: 1 
iter: 2  value: -827.7373 mgc: 1.204674e-06 ustep: 1 
iter: 3  mgc: 5.204275e-13 
outer mgc:  0.07051985 
iter: 1  value: -827.7035 mgc: 0.006398278 ustep: 1 
iter: 2  mgc: 4.771565e-09 
outer mgc:  0.02383136 
iter: 1  value: -827.7074 mgc: 0.00641175 ustep: 1 
iter: 2  mgc: 4.784604e-09 
outer mgc:  0.02386577 
iter: 1  value: -827.7005 mgc: 0.01534601 ustep: 1 
iter: 2  value: -827.7005 mgc: 4.298315e-08 ustep: 1 
iter: 3  mgc: 6.155632e-13 
outer mgc:  0.01702808 
iter: 1  value: -827.7105 mgc: 0.01537795 ustep: 1 
iter: 2  value: -827.7105 mgc: 4.303136e-08 ustep: 1 
iter: 3  mgc: 8.028023e-13 
outer mgc:  0.0170305 
iter: 1  value: -827.7033 mgc: 0.01097214 ustep: 1 
iter: 2  value: -827.7033 mgc: 2.091632e-08 ustep: 1 
mgc: 4.267975e-13 
outer mgc:  0.0278688 
iter: 1  value: -827.7077 mgc: 0.01099746 ustep: 1 
iter: 2  value: -827.7077 mgc: 2.102901e-08 ustep: 1 
mgc: 7.120346e-13 
outer mgc:  0.02791019 
iter: 1  value: -827.697 mgc: 0.01592939 ustep: 1 
iter: 2  value: -827.697 mgc: 2.250987e-07 ustep: 1 
iter: 3  mgc: 5.77996e-13 
outer mgc:  0.07475509 
iter: 1  value: -827.7139 mgc: 0.01596678 ustep: 1 
iter: 2  value: -827.7139 mgc: 2.255769e-07 ustep: 1 
iter: 3  mgc: 5.327405e-13 
outer mgc:  0.07486062 
iter: 1  value: -827.7013 mgc: 0.0163408 ustep: 1 
iter: 2  value: -827.7013 mgc: 2.16115e-06 ustep: 1 
iter: 3  mgc: 4.203027e-13 
outer mgc:  0.04460691 
iter: 1  value: -827.7096 mgc: 0.01637351 ustep: 1 
iter: 2  value: -827.7096 mgc: 2.166127e-06 ustep: 1 
iter: 3  mgc: 5.999593e-13 
outer mgc:  0.04466136 
iter: 1  value: -827.6855 mgc: 0.00732902 ustep: 1 
iter: 2  value: -827.6855 mgc: 6.666747e-08 ustep: 1 
mgc: 5.222194e-13 
outer mgc:  0.01582346 
iter: 1  value: -827.7254 mgc: 0.007337903 ustep: 1 
iter: 2  value: -827.7254 mgc: 6.679107e-08 ustep: 1 
mgc: 5.520515e-13 
outer mgc:  0.01582851 
iter: 1  value: -827.6668 mgc: 0.01141198 ustep: 1 
iter: 2  value: -827.6668 mgc: 1.685435e-07 ustep: 1 
iter: 3  mgc: 6.60777e-13 
outer mgc:  0.01233128 
iter: 1  value: -827.7441 mgc: 0.01142638 ustep: 1 
iter: 2  value: -827.7441 mgc: 1.688213e-07 ustep: 1 
iter: 3  mgc: 4.130724e-13 
outer mgc:  0.01234395 
iter: 1  value: -827.7033 mgc: 0.006598155 ustep: 1 
iter: 2  mgc: 4.925334e-09 
outer mgc:  0.005866696 
iter: 1  value: -827.7077 mgc: 0.006605354 ustep: 1 
iter: 2  mgc: 4.937494e-09 
outer mgc:  0.005872607 
iter: 1  value: -827.7023 mgc: 0.007579077 ustep: 1 
iter: 2  value: -827.7023 mgc: 6.658766e-08 ustep: 1 
iter: 3  mgc: 4.951178e-13 
outer mgc:  0.01544516 
iter: 1  value: -827.7087 mgc: 0.00758694 ustep: 1 
iter: 2  value: -827.7087 mgc: 6.67163e-08 ustep: 1 
iter: 3  mgc: 7.507883e-13 
outer mgc:  0.01546675 
iter: 1  value: -827.961 mgc: 0.03497972 ustep: 1 
iter: 2  value: -827.961 mgc: 3.652055e-07 ustep: 1 
iter: 3  mgc: 6.301244e-13 
outer mgc:  0.01994282 
iter: 1  value: -827.45 mgc: 0.03490987 ustep: 1 
iter: 2  value: -827.45 mgc: 3.659976e-07 ustep: 1 
iter: 3  mgc: 4.699262e-13 
outer mgc:  0.01994437 
iter: 1  mgc: 1.404839e-09 
iter: 1  mgc: 1.404839e-09 
outer mgc:  5.119183e-12 
iter: 1  value: -827.7054 mgc: 0.002642833 ustep: 1 
iter: 2  value: -827.7054 mgc: 1.012964e-08 ustep: 1 
mgc: 4.571621e-13 
outer mgc:  0.02990726 
iter: 1  value: -827.7055 mgc: 0.002642833 ustep: 1 
iter: 2  value: -827.7055 mgc: 1.012889e-08 ustep: 1 
mgc: 4.834952e-13 
outer mgc:  0.02990729 
iter: 1  value: -827.7061 mgc: 0.01584484 ustep: 1 
iter: 2  value: -827.7061 mgc: 1.213998e-06 ustep: 1 
iter: 3  mgc: 6.605688e-13 
outer mgc:  0.1255599 
iter: 1  value: -827.7048 mgc: 0.01584485 ustep: 1 
iter: 2  value: -827.7048 mgc: 1.213702e-06 ustep: 1 
iter: 3  mgc: 4.508616e-13 
outer mgc:  0.1255539 
iter: 1  value: -827.7055 mgc: 0.008230064 ustep: 1 
iter: 2  value: -827.7055 mgc: 8.18854e-08 ustep: 1 
iter: 3  mgc: 4.543102e-13 
outer mgc:  0.09486378 
iter: 1  value: -827.7054 mgc: 0.008230064 ustep: 1 
iter: 2  value: -827.7054 mgc: 8.187395e-08 ustep: 1 
iter: 3  mgc: 4.201084e-13 
outer mgc:  0.09486371 
iter: 1  value: -827.7056 mgc: 0.01214567 ustep: 1 
iter: 2  value: -827.7056 mgc: 5.023535e-07 ustep: 1 
iter: 3  mgc: 5.857988e-13 
outer mgc:  0.1326872 
iter: 1  value: -827.7052 mgc: 0.01214567 ustep: 1 
iter: 2  value: -827.7052 mgc: 5.02177e-07 ustep: 1 
iter: 3  mgc: 6.023307e-13 
outer mgc:  0.1326865 
iter: 1  value: -827.7068 mgc: 0.007920349 ustep: 1 
iter: 2  value: -827.7068 mgc: 3.447107e-06 ustep: 1 
iter: 3  mgc: 1.365019e-12 
outer mgc:  0.1161448 
iter: 1  value: -827.7041 mgc: 0.007920349 ustep: 1 
iter: 2  value: -827.7041 mgc: 3.444558e-06 ustep: 1 
iter: 3  mgc: 1.401601e-12 
outer mgc:  0.1161326 
iter: 1  value: -827.4409 mgc: 0.03489023 ustep: 1 
iter: 2  value: -827.4409 mgc: 8.07623e-07 ustep: 1 
iter: 3  mgc: 3.531708e-13 
outer mgc:  0.06948553 
iter: 1  value: -827.9701 mgc: 0.03496008 ustep: 1 
iter: 2  value: -827.9701 mgc: 8.067015e-07 ustep: 1 
iter: 3  mgc: 6.786516e-13 
outer mgc:  0.06950232 
iter: 1  value: -827.7 mgc: 0.007711901 ustep: 1 
iter: 2  value: -827.7 mgc: 1.172895e-08 ustep: 1 
mgc: 3.884046e-13 
outer mgc:  0.05153791 
iter: 1  value: -827.7109 mgc: 0.007727341 ustep: 1 
iter: 2  value: -827.7109 mgc: 1.175418e-08 ustep: 1 
mgc: 6.076788e-13 
outer mgc:  0.05158197 
iter: 1  value: -827.4965 mgc: 0.02462143 ustep: 1 
iter: 2  value: -827.4965 mgc: 9.355393e-07 ustep: 1 
iter: 3  mgc: 5.927654e-13 
outer mgc:  0.1324215 
iter: 1  value: -827.9144 mgc: 0.02467072 ustep: 1 
iter: 2  value: -827.9144 mgc: 9.396635e-07 ustep: 1 
iter: 3  mgc: 3.4861e-13 
outer mgc:  0.1323407 
iter: 1  value: -827.6938 mgc: 0.01075078 ustep: 1 
iter: 2  value: -827.6938 mgc: 4.995261e-08 ustep: 1 
iter: 3  mgc: 4.739265e-13 
outer mgc:  0.04131748 
iter: 1  value: -827.7171 mgc: 0.01077236 ustep: 1 
iter: 2  value: -827.7171 mgc: 5.012129e-08 ustep: 1 
iter: 3  mgc: 6.156187e-13 
outer mgc:  0.04131141 
iter: 1  value: -827.6879 mgc: 0.017288 ustep: 1 
iter: 2  value: -827.6879 mgc: 2.243838e-07 ustep: 1 
iter: 3  mgc: 4.401757e-13 
outer mgc:  0.02547928 
iter: 1  value: -827.723 mgc: 0.01732245 ustep: 1 
iter: 2  value: -827.723 mgc: 2.248024e-07 ustep: 1 
iter: 3  mgc: 4.106437e-13 
outer mgc:  0.02543049 
iter: 1  value: -827.5562 mgc: 0.04600197 ustep: 1 
iter: 2  value: -827.5562 mgc: 7.131021e-07 ustep: 1 
iter: 3  mgc: 7.615141e-13 
outer mgc:  0.09521919 
iter: 1  value: -827.8547 mgc: 0.04611121 ustep: 1 
iter: 2  value: -827.8547 mgc: 7.146637e-07 ustep: 1 
iter: 3  mgc: 3.606004e-13 
outer mgc:  0.09513189 
iter: 1  value: -827.6737 mgc: 0.02024924 ustep: 1 
iter: 2  value: -827.6737 mgc: 1.205647e-06 ustep: 1 
iter: 3  mgc: 4.816187e-13 
outer mgc:  0.07050853 
iter: 1  value: -827.7373 mgc: 0.02029584 ustep: 1 
iter: 2  value: -827.7373 mgc: 1.204674e-06 ustep: 1 
iter: 3  mgc: 3.490541e-13 
outer mgc:  0.07051985 
iter: 1  value: -827.7035 mgc: 0.006398278 ustep: 1 
iter: 2  mgc: 4.771454e-09 
outer mgc:  0.02383136 
iter: 1  value: -827.7074 mgc: 0.00641175 ustep: 1 
iter: 2  mgc: 4.784618e-09 
outer mgc:  0.02386577 
iter: 1  value: -827.7005 mgc: 0.01534601 ustep: 1 
iter: 2  value: -827.7005 mgc: 4.298281e-08 ustep: 1 
iter: 3  mgc: 4.413414e-13 
outer mgc:  0.01702808 
iter: 1  value: -827.7105 mgc: 0.01537795 ustep: 1 
iter: 2  value: -827.7105 mgc: 4.303188e-08 ustep: 1 
iter: 3  mgc: 5.190293e-13 
outer mgc:  0.0170305 
iter: 1  value: -827.7033 mgc: 0.01097214 ustep: 1 
iter: 2  value: -827.7033 mgc: 2.091564e-08 ustep: 1 
mgc: 4.393708e-13 
outer mgc:  0.0278688 
iter: 1  value: -827.7077 mgc: 0.01099746 ustep: 1 
iter: 2  value: -827.7077 mgc: 2.102912e-08 ustep: 1 
mgc: 4.606593e-13 
outer mgc:  0.02791019 
iter: 1  value: -827.697 mgc: 0.01592939 ustep: 1 
iter: 2  value: -827.697 mgc: 2.250988e-07 ustep: 1 
iter: 3  mgc: 4.005685e-13 
outer mgc:  0.07475509 
iter: 1  value: -827.7139 mgc: 0.01596678 ustep: 1 
iter: 2  value: -827.7139 mgc: 2.255771e-07 ustep: 1 
iter: 3  mgc: 4.584111e-13 
outer mgc:  0.07486062 
iter: 1  value: -827.7013 mgc: 0.0163408 ustep: 1 
iter: 2  value: -827.7013 mgc: 2.16115e-06 ustep: 1 
iter: 3  mgc: 5.983339e-13 
outer mgc:  0.04460691 
iter: 1  value: -827.7096 mgc: 0.01637351 ustep: 1 
iter: 2  value: -827.7096 mgc: 2.166127e-06 ustep: 1 
iter: 3  mgc: 5.640939e-13 
outer mgc:  0.04466136 
iter: 1  value: -827.6855 mgc: 0.00732902 ustep: 1 
iter: 2  value: -827.6855 mgc: 6.666732e-08 ustep: 1 
mgc: 6.423785e-13 
outer mgc:  0.01582346 
iter: 1  value: -827.7254 mgc: 0.007337903 ustep: 1 
iter: 2  value: -827.7254 mgc: 6.679124e-08 ustep: 1 
mgc: 4.145018e-13 
outer mgc:  0.01582851 
iter: 1  value: -827.6668 mgc: 0.01141198 ustep: 1 
iter: 2  value: -827.6668 mgc: 1.685437e-07 ustep: 1 
iter: 3  mgc: 8.240977e-13 
outer mgc:  0.01233128 
iter: 1  value: -827.7441 mgc: 0.01142638 ustep: 1 
iter: 2  value: -827.7441 mgc: 1.688213e-07 ustep: 1 
iter: 3  mgc: 4.165557e-13 
outer mgc:  0.01234395 
iter: 1  value: -827.7033 mgc: 0.006598155 ustep: 1 
iter: 2  mgc: 4.925468e-09 
outer mgc:  0.005866696 
iter: 1  value: -827.7077 mgc: 0.006605354 ustep: 1 
iter: 2  mgc: 4.937621e-09 
outer mgc:  0.005872607 
iter: 1  value: -827.7023 mgc: 0.007579077 ustep: 1 
iter: 2  value: -827.7023 mgc: 6.658769e-08 ustep: 1 
iter: 3  mgc: 5.166007e-13 
outer mgc:  0.01544516 
iter: 1  value: -827.7087 mgc: 0.00758694 ustep: 1 
iter: 2  value: -827.7087 mgc: 6.67165e-08 ustep: 1 
iter: 3  mgc: 4.519718e-13 
outer mgc:  0.01546675 
iter: 1  value: -827.961 mgc: 0.03497972 ustep: 1 
iter: 2  value: -827.961 mgc: 3.652053e-07 ustep: 1 
iter: 3  mgc: 4.592021e-13 
outer mgc:  0.01994282 
iter: 1  value: -827.45 mgc: 0.03490987 ustep: 1 
iter: 2  value: -827.45 mgc: 3.659976e-07 ustep: 1 
iter: 3  mgc: 4.481138e-13 
outer mgc:  0.01994437 
outer mgc:  1 
